2026-01-26 12:53:06.980 | INFO     | collection:load_data_from_db:19 - extracting the table from database ...
2026-01-26 12:55:06.547 | INFO     | collection:load_data_from_db:19 - extracting the table from database ...
2026-01-26 12:55:34.628 | INFO     | collection:load_data_from_db:19 - extracting the table from database ...
2026-01-26 12:55:34.639 | INFO     | preparation:enconde_cat_cols:23 - Encoding columns ['balcony', 'parking', 'furnished', 'garage', 'storage'] ...
2026-01-26 12:55:34.643 | INFO     | preparation:parse_garden_col:32 - Parsing column garden ...
2026-01-26 12:55:34.643 | INFO     | model:get_X_y:43 - Identifying X and y ...
2026-01-26 12:55:34.644 | INFO     | model:split_train_test:48 - Splitting X and y ...
2026-01-26 12:55:34.645 | INFO     | model:train_model:55 - Training the model ...
2026-01-26 12:55:47.464 | INFO     | model:evaluate_model:71 - Evaluating and tunning the model ...
2026-01-26 12:55:47.481 | INFO     | model:build_model:28 - Model R2 score: 0.7141904359096511
2026-01-26 12:55:47.481 | INFO     | model:save_model:75 - Saving the model ...
2026-01-26 12:55:47.508 | WARNING  | __main__:main:10 - Prediction: [1536.48890825]
2026-01-26 13:05:52.824 | INFO     | collection:load_data_from_db:19 - extracting the table from database ...
2026-01-26 13:05:52.834 | INFO     | preparation:enconde_cat_cols:23 - Encoding columns ['balcony', 'parking', 'furnished', 'garage', 'storage'] ...
2026-01-26 13:05:52.837 | INFO     | preparation:parse_garden_col:32 - Parsing column garden ...
2026-01-26 13:05:52.838 | INFO     | model:get_X_y:43 - Identifying X and y ...
2026-01-26 13:05:52.838 | INFO     | model:split_train_test:48 - Splitting X and y ...
2026-01-26 13:05:52.840 | INFO     | model:train_model:55 - Training the model ...
2026-01-26 13:06:05.586 | INFO     | model:evaluate_model:71 - Evaluating and tunning the model ...
2026-01-26 13:06:05.601 | INFO     | model:build_model:28 - Model R2 score: 0.729326448158925
2026-01-26 13:06:05.602 | INFO     | model:save_model:75 - Saving the model ...
2026-01-26 13:06:05.641 | WARNING  | __main__:main:10 - Prediction: [1516.8085119]
2026-01-26 13:11:06.895 | WARNING  | __main__:main:10 - Prediction: [1516.8085119]
